
*** Running vivado
    with args -log manageScene.vdi -applog -m64 -product Vivado -messageDb vivado.pb -mode batch -source manageScene.tcl -notrace


****** Vivado v2018.3 (64-bit)
  **** SW Build 2405991 on Thu Dec  6 23:38:27 MST 2018
  **** IP Build 2404404 on Fri Dec  7 01:43:56 MST 2018
    ** Copyright 1986-2018 Xilinx, Inc. All Rights Reserved.

source manageScene.tcl -notrace
Command: link_design -top manageScene -part xc7a35tcpg236-1
Design is defaulting to srcset: sources_1
Design is defaulting to constrset: constrs_1
INFO: [Netlist 29-17] Analyzing 194 Unisim elements for replacement
INFO: [Netlist 29-28] Unisim Transformation completed in 0 CPU seconds
INFO: [Project 1-479] Netlist was created with Vivado 2018.3
INFO: [Device 21-403] Loading part xc7a35tcpg236-1
INFO: [Project 1-570] Preparing netlist for logic optimization
Parsing XDC File [C:/Users/HP/Desktop/Basys3-Undertale/FinalProject.srcs/constrs_1/new/Basys3_Master.xdc]
Finished Parsing XDC File [C:/Users/HP/Desktop/Basys3-Undertale/FinalProject.srcs/constrs_1/new/Basys3_Master.xdc]
INFO: [Opt 31-138] Pushed 0 inverter(s) to 0 load pin(s).
Netlist sorting complete. Time (s): cpu = 00:00:00 ; elapsed = 00:00:00.001 . Memory (MB): peak = 593.414 ; gain = 0.000
INFO: [Project 1-111] Unisim Transformation Summary:
No Unisim elements were transformed.

7 Infos, 0 Warnings, 0 Critical Warnings and 0 Errors encountered.
link_design completed successfully
link_design: Time (s): cpu = 00:00:07 ; elapsed = 00:00:08 . Memory (MB): peak = 593.414 ; gain = 322.367
Command: opt_design
Attempting to get a license for feature 'Implementation' and/or device 'xc7a35t'
INFO: [Common 17-349] Got license for feature 'Implementation' and/or device 'xc7a35t'
Running DRC as a precondition to command opt_design

Starting DRC Task
INFO: [DRC 23-27] Running DRC with 2 threads
ERROR: [DRC MDRV-1] Multiple Driver Nets: Net ats/UNCONN_OUT[0] has multiple drivers: ats/newHealth_reg[7]__0/Q, and ats/newHealth_reg[7]/Q.
ERROR: [DRC MDRV-1] Multiple Driver Nets: Net ats/UNCONN_OUT[1] has multiple drivers: ats/newHealth_reg[8]/Q, and ats/newHealth_reg[8]__0/Q.
ERROR: [DRC MDRV-1] Multiple Driver Nets: Net ats/UNCONN_OUT[2] has multiple drivers: ats/newHealth_reg[9]/Q, and ats/newHealth_reg[9]__0/Q.
ERROR: [DRC MDRV-1] Multiple Driver Nets: Net ats/newHealth[0] has multiple drivers: ats/newHealth_reg[0]/Q, and ats/newHealth_reg[0]__0/Q.
ERROR: [DRC MDRV-1] Multiple Driver Nets: Net ats/newHealth[1] has multiple drivers: ats/newHealth_reg[1]/Q, and ats/newHealth_reg[1]__0/Q.
ERROR: [DRC MDRV-1] Multiple Driver Nets: Net ats/newHealth[2] has multiple drivers: ats/newHealth_reg[2]/Q, and ats/newHealth_reg[2]__0/Q.
ERROR: [DRC MDRV-1] Multiple Driver Nets: Net ats/newHealth[3] has multiple drivers: ats/newHealth_reg[3]/Q, and ats/newHealth_reg[3]__0/Q.
ERROR: [DRC MDRV-1] Multiple Driver Nets: Net ats/newHealth[4] has multiple drivers: ats/newHealth_reg[4]/Q, and ats/newHealth_reg[4]__0/Q.
ERROR: [DRC MDRV-1] Multiple Driver Nets: Net ats/newHealth[5] has multiple drivers: ats/newHealth_reg[5]/Q, and ats/newHealth_reg[5]__0/Q.
ERROR: [DRC MDRV-1] Multiple Driver Nets: Net ats/newHealth[6] has multiple drivers: ats/newHealth_reg[6]__0/Q, and ats/newHealth_reg[6]/Q.
INFO: [Project 1-461] DRC finished with 10 Errors
INFO: [Project 1-462] Please refer to the DRC report (report_drc) for more information.
ERROR: [Vivado_Tcl 4-78] Error(s) found during DRC. Opt_design not run.

Time (s): cpu = 00:00:01 ; elapsed = 00:00:00.872 . Memory (MB): peak = 605.320 ; gain = 11.906
INFO: [Common 17-83] Releasing license: Implementation
12 Infos, 0 Warnings, 0 Critical Warnings and 11 Errors encountered.
opt_design failed
ERROR: [Common 17-39] 'opt_design' failed due to earlier errors.

INFO: [Common 17-206] Exiting Vivado at Mon May 18 17:26:16 2020...
